2019-12-14 22:19:06,430 in MainThread => [ADAR] born
2019-12-14 22:19:06,431 in MainThread => [ADAL] born
2019-12-14 22:19:06,431 in MainThread => [ADFL] born
2019-12-14 22:19:06,431 in MainThread => [ASHL] born
2019-12-14 22:19:06,432 in MainThread => [AVDR] born
2019-12-14 22:19:06,432 in MainThread => [PVQL] born
2019-12-14 22:19:06,432 in MainThread => [ADEL] born
2019-12-14 22:19:06,432 in MainThread => [AIAL] born
2019-12-14 22:19:06,433 in MainThread => [AIBL] born
2019-12-14 22:19:06,433 in MainThread => [AIBR] born
2019-12-14 22:19:06,433 in MainThread => [AVAR] born
2019-12-14 22:19:06,434 in MainThread => [AVBL] born
2019-12-14 22:19:06,434 in MainThread => [AVBR] born
2019-12-14 22:19:06,434 in MainThread => [AVDL] born
2019-12-14 22:19:06,434 in MainThread => [AVEL] born
2019-12-14 22:19:06,435 in MainThread => [AVJR] born
2019-12-14 22:19:06,435 in MainThread => [AWAL] born
2019-12-14 22:19:06,435 in MainThread => [FLPR] born
2019-12-14 22:19:06,436 in MainThread => [PVPL] born
2019-12-14 22:19:06,436 in MainThread => [PVR] born
2019-12-14 22:19:06,436 in MainThread => [RICL] born
2019-12-14 22:19:06,437 in MainThread => [RICR] born
2019-12-14 22:19:06,437 in MainThread => [RIML] born
2019-12-14 22:19:06,437 in MainThread => [RIPL] born
2019-12-14 22:19:06,438 in MainThread => [RMGL] born
2019-12-14 22:19:06,438 in MainThread => [SMDVR] born
2019-12-14 22:19:06,438 in MainThread => [ADFR] born
2019-12-14 22:19:06,438 in MainThread => [ASHR] born
2019-12-14 22:19:06,439 in MainThread => [PVQR] born
2019-12-14 22:19:06,439 in MainThread => [ADER] born
2019-12-14 22:19:06,439 in MainThread => [AIAR] born
2019-12-14 22:19:06,440 in MainThread => [AVAL] born
2019-12-14 22:19:06,440 in MainThread => [AVJL] born
2019-12-14 22:19:06,440 in MainThread => [RIMR] born
2019-12-14 22:19:06,441 in MainThread => [RIPR] born
2019-12-14 22:19:06,441 in MainThread => [RIVR] born
2019-12-14 22:19:06,441 in MainThread => [RMGR] born
2019-12-14 22:19:06,441 in MainThread => [SMDVL] born
2019-12-14 22:19:06,442 in MainThread => [URBR] born
2019-12-14 22:19:06,442 in MainThread => [AINL] born
2019-12-14 22:19:06,442 in MainThread => [AVKR] born
2019-12-14 22:19:06,443 in MainThread => [ALA] born
2019-12-14 22:19:06,443 in MainThread => [AVL] born
2019-12-14 22:19:06,443 in MainThread => [BDUL] born
2019-12-14 22:19:06,444 in MainThread => [CEPDL] born
2019-12-14 22:19:06,444 in MainThread => [FLPL] born
2019-12-14 22:19:06,444 in MainThread => [IL1L] born
2019-12-14 22:19:06,444 in MainThread => [IL2L] born
2019-12-14 22:19:06,445 in MainThread => [OLLL] born
2019-12-14 22:19:06,445 in MainThread => [RIAL] born
2019-12-14 22:19:06,445 in MainThread => [RIFL] born
2019-12-14 22:19:06,446 in MainThread => [RIGL] born
2019-12-14 22:19:06,446 in MainThread => [RIGR] born
2019-12-14 22:19:06,446 in MainThread => [RIH] born
2019-12-14 22:19:06,446 in MainThread => [RIVL] born
2019-12-14 22:19:06,447 in MainThread => [RMDL] born
2019-12-14 22:19:06,447 in MainThread => [RMHL] born
2019-12-14 22:19:06,447 in MainThread => [SIADR] born
2019-12-14 22:19:06,448 in MainThread => [SIBDR] born
2019-12-14 22:19:06,448 in MainThread => [SMBDR] born
2019-12-14 22:19:06,448 in MainThread => [URBL] born
2019-12-14 22:19:06,448 in MainThread => [AVKL] born
2019-12-14 22:19:06,449 in MainThread => [ALNR] born
2019-12-14 22:19:06,449 in MainThread => [AVER] born
2019-12-14 22:19:06,449 in MainThread => [AVM] born
2019-12-14 22:19:06,450 in MainThread => [BDUR] born
2019-12-14 22:19:06,450 in MainThread => [CEPDR] born
2019-12-14 22:19:06,450 in MainThread => [IL2R] born
2019-12-14 22:19:06,451 in MainThread => [OLLR] born
2019-12-14 22:19:06,451 in MainThread => [RMDR] born
2019-12-14 22:19:06,451 in MainThread => [SAAVR] born
2019-12-14 22:19:06,452 in MainThread => [AIZL] born
2019-12-14 22:19:06,452 in MainThread => [AUAL] born
2019-12-14 22:19:06,452 in MainThread => [AWBL] born
2019-12-14 22:19:06,453 in MainThread => [OLQVL] born
2019-12-14 22:19:06,453 in MainThread => [RIR] born
2019-12-14 22:19:06,453 in MainThread => [SMBVL] born
2019-12-14 22:19:06,454 in MainThread => [AIYR] born
2019-12-14 22:19:06,454 in MainThread => [AIZR] born
2019-12-14 22:19:06,454 in MainThread => [ASEL] born
2019-12-14 22:19:06,455 in MainThread => [AUAR] born
2019-12-14 22:19:06,455 in MainThread => [AVHL] born
2019-12-14 22:19:06,455 in MainThread => [AWAR] born
2019-12-14 22:19:06,456 in MainThread => [AWBR] born
2019-12-14 22:19:06,456 in MainThread => [PVPR] born
2019-12-14 22:19:06,456 in MainThread => [RIAR] born
2019-12-14 22:19:06,457 in MainThread => [SMBVR] born
2019-12-14 22:19:06,457 in MainThread => [URXR] born
2019-12-14 22:19:06,457 in MainThread => [ADLR] born
2019-12-14 22:19:06,457 in MainThread => [ADLL] born
2019-12-14 22:19:06,458 in MainThread => [ASER] born
2019-12-14 22:19:06,458 in MainThread => [AVHR] born
2019-12-14 22:19:06,459 in MainThread => [CEPVL] born
2019-12-14 22:19:06,459 in MainThread => [SDQR] born
2019-12-14 22:19:06,459 in MainThread => [AWCR] born
2019-12-14 22:19:06,460 in MainThread => [PVCL] born
2019-12-14 22:19:06,460 in MainThread => [AFDR] born
2019-12-14 22:19:06,460 in MainThread => [AFDL] born
2019-12-14 22:19:06,461 in MainThread => [AINR] born
2019-12-14 22:19:06,461 in MainThread => [AIYL] born
2019-12-14 22:19:06,462 in MainThread => [ASIL] born
2019-12-14 22:19:06,462 in MainThread => [AIML] born
2019-12-14 22:19:06,462 in MainThread => [ASGL] born
2019-12-14 22:19:06,463 in MainThread => [ASIR] born
2019-12-14 22:19:06,463 in MainThread => [ASKL] born
2019-12-14 22:19:06,463 in MainThread => [AWCL] born
2019-12-14 22:19:06,464 in MainThread => [HSNL] born
2019-12-14 22:19:06,464 in MainThread => [AIMR] born
2019-12-14 22:19:06,465 in MainThread => [ASGR] born
2019-12-14 22:19:06,465 in MainThread => [ASKR] born
2019-12-14 22:19:06,465 in MainThread => [RIFR] born
2019-12-14 22:19:06,466 in MainThread => [DVC] born
2019-12-14 22:19:06,466 in MainThread => [PVT] born
2019-12-14 22:19:06,467 in MainThread => [BAGL] born
2019-12-14 22:19:06,467 in MainThread => [HSNR] born
2019-12-14 22:19:06,467 in MainThread => [RIBR] born
2019-12-14 22:19:06,468 in MainThread => [SAADL] born
2019-12-14 22:19:06,468 in MainThread => [SAADR] born
2019-12-14 22:19:06,468 in MainThread => [SAAVL] born
2019-12-14 22:19:06,469 in MainThread => [SMDDR] born
2019-12-14 22:19:06,469 in MainThread => [DB01] born
2019-12-14 22:19:06,469 in MainThread => [RIS] born
2019-12-14 22:19:06,470 in MainThread => [RIBL] born
2019-12-14 22:19:06,470 in MainThread => [SDQL] born
2019-12-14 22:19:06,471 in MainThread => [SMDDL] born
2019-12-14 22:19:06,471 in MainThread => [VB01] born
2019-12-14 22:19:06,471 in MainThread => [ALML] born
2019-12-14 22:19:06,472 in MainThread => [AVFL] born
2019-12-14 22:19:06,472 in MainThread => [AVFR] born
2019-12-14 22:19:06,473 in MainThread => [ASJR] born
2019-12-14 22:19:06,473 in MainThread => [OLQDR] born
2019-12-14 22:19:06,473 in MainThread => [PVNR] born
2019-12-14 22:19:06,474 in MainThread => [BAGR] born
2019-12-14 22:19:06,474 in MainThread => [RID] born
2019-12-14 22:19:06,476 in MainThread => [DVA] born
2019-12-14 22:19:06,476 in MainThread => [SMBDL] born
2019-12-14 22:19:06,476 in MainThread => [VB02] born
2019-12-14 22:19:06,478 in MainThread => [PVCR] born
2019-12-14 22:19:06,478 in MainThread => [RMDDR] born
2019-12-14 22:19:06,478 in MainThread => [ALMR] born
2019-12-14 22:19:06,479 in MainThread => [CEPVR] born
2019-12-14 22:19:06,479 in MainThread => [RMDDL] born
2019-12-14 22:19:06,479 in MainThread => [SIADL] born
2019-12-14 22:19:06,480 in MainThread => [ALNL] born
2019-12-14 22:19:06,480 in MainThread => [RMHR] born
2019-12-14 22:19:06,480 in MainThread => [AQR] born
2019-12-14 22:19:06,481 in MainThread => [URXL] born
2019-12-14 22:19:06,481 in MainThread => [AS01] born
2019-12-14 22:19:06,482 in MainThread => [VA03] born
2019-12-14 22:19:06,482 in MainThread => [VD02] born
2019-12-14 22:19:06,482 in MainThread => [DA01] born
2019-12-14 22:19:06,483 in MainThread => [VD01] born
2019-12-14 22:19:06,483 in MainThread => [DA02] born
2019-12-14 22:19:06,483 in MainThread => [AS02] born
2019-12-14 22:19:06,484 in MainThread => [VA04] born
2019-12-14 22:19:06,484 in MainThread => [DD01] born
2019-12-14 22:19:06,484 in MainThread => [AS03] born
2019-12-14 22:19:06,485 in MainThread => [VA05] born
2019-12-14 22:19:06,485 in MainThread => [DA03] born
2019-12-14 22:19:06,485 in MainThread => [VD03] born
2019-12-14 22:19:06,486 in MainThread => [AS04] born
2019-12-14 22:19:06,486 in MainThread => [AS05] born
2019-12-14 22:19:06,486 in MainThread => [DB03] born
2019-12-14 22:19:06,486 in MainThread => [VD04] born
2019-12-14 22:19:06,487 in MainThread => [VA07] born
2019-12-14 22:19:06,487 in MainThread => [DD02] born
2019-12-14 22:19:06,487 in MainThread => [VD05] born
2019-12-14 22:19:06,488 in MainThread => [AS06] born
2019-12-14 22:19:06,488 in MainThread => [DA05] born
2019-12-14 22:19:06,488 in MainThread => [VA08] born
2019-12-14 22:19:06,489 in MainThread => [PLMR] born
2019-12-14 22:19:06,489 in MainThread => [VD06] born
2019-12-14 22:19:06,489 in MainThread => [AS07] born
2019-12-14 22:19:06,490 in MainThread => [AS08] born
2019-12-14 22:19:06,490 in MainThread => [AS09] born
2019-12-14 22:19:06,490 in MainThread => [DVB] born
2019-12-14 22:19:06,491 in MainThread => [AS10] born
2019-12-14 22:19:06,491 in MainThread => [PDB] born
2019-12-14 22:19:06,492 in MainThread => [AS11] born
2019-12-14 22:19:06,492 in MainThread => [PDA] born
2019-12-14 22:19:06,493 in MainThread => [VA12] born
2019-12-14 22:19:06,493 in MainThread => [VD13] born
2019-12-14 22:19:06,497 in MainThread => [ASJL] born
2019-12-14 22:19:06,499 in MainThread => [IL2DL] born
2019-12-14 22:19:06,501 in MainThread => [DA04] born
2019-12-14 22:19:06,502 in MainThread => [DA06] born
2019-12-14 22:19:06,502 in MainThread => [DA07] born
2019-12-14 22:19:06,502 in MainThread => [DB06] born
2019-12-14 22:19:06,503 in MainThread => [LUAL] born
2019-12-14 22:19:06,503 in MainThread => [SABD] born
2019-12-14 22:19:06,504 in MainThread => [SABVR] born
2019-12-14 22:19:06,504 in MainThread => [URYDL] born
2019-12-14 22:19:06,505 in MainThread => [URYVR] born
2019-12-14 22:19:06,505 in MainThread => [VA01] born
2019-12-14 22:19:06,506 in MainThread => [VA02] born
2019-12-14 22:19:06,506 in MainThread => [VA06] born
2019-12-14 22:19:06,507 in MainThread => [VA09] born
2019-12-14 22:19:06,508 in MainThread => [VA10] born
2019-12-14 22:19:06,508 in MainThread => [VA11] born
2019-12-14 22:19:06,509 in MainThread => [VB09] born
2019-12-14 22:19:06,510 in MainThread => [DA08] born
2019-12-14 22:19:06,511 in MainThread => [DA09] born
2019-12-14 22:19:06,511 in MainThread => [DB05] born
2019-12-14 22:19:06,512 in MainThread => [LUAR] born
2019-12-14 22:19:06,512 in MainThread => [PHBL] born
2019-12-14 22:19:06,513 in MainThread => [PHBR] born
2019-12-14 22:19:06,513 in MainThread => [PHCL] born
2019-12-14 22:19:06,514 in MainThread => [PQR] born
2019-12-14 22:19:06,514 in MainThread => [PVDL] born
2019-12-14 22:19:06,515 in MainThread => [PVDR] born
2019-12-14 22:19:06,515 in MainThread => [PVNL] born
2019-12-14 22:19:06,517 in MainThread => [SABVL] born
2019-12-14 22:19:06,518 in MainThread => [URYDR] born
2019-12-14 22:19:06,518 in MainThread => [URYVL] born
2019-12-14 22:19:06,519 in MainThread => [AVG] born
2019-12-14 22:19:06,520 in MainThread => [PDEL] born
2019-12-14 22:19:06,520 in MainThread => [PDER] born
2019-12-14 22:19:06,521 in MainThread => [PVWR] born
2019-12-14 22:19:06,521 in MainThread => [VD11] born
2019-12-14 22:19:06,522 in MainThread => [DB04] born
2019-12-14 22:19:06,523 in MainThread => [DB07] born
2019-12-14 22:19:06,523 in MainThread => [SIBVL] born
2019-12-14 22:19:06,523 in MainThread => [VB04] born
2019-12-14 22:19:06,524 in MainThread => [VB05] born
2019-12-14 22:19:06,524 in MainThread => [VB06] born
2019-12-14 22:19:06,524 in MainThread => [VB07] born
2019-12-14 22:19:06,525 in MainThread => [VB08] born
2019-12-14 22:19:06,525 in MainThread => [VB10] born
2019-12-14 22:19:06,525 in MainThread => [VB11] born
2019-12-14 22:19:06,526 in MainThread => [VC03] born
2019-12-14 22:19:06,527 in MainThread => [VC04] born
2019-12-14 22:19:06,527 in MainThread => [DB02] born
2019-12-14 22:19:06,528 in MainThread => [VB03] born
2019-12-14 22:19:06,528 in MainThread => [VD10] born
2019-12-14 22:19:06,531 in MainThread => [PHAL] born
2019-12-14 22:19:06,532 in MainThread => [RMDVR] born
2019-12-14 22:19:06,532 in MainThread => [RMEV] born
2019-12-14 22:19:06,533 in MainThread => [IL1R] born
2019-12-14 22:19:06,534 in MainThread => [RMDVL] born
2019-12-14 22:19:06,536 in MainThread => [VC05] born
2019-12-14 22:19:06,538 in MainThread => [PHAR] born
2019-12-14 22:19:06,539 in MainThread => [PHCR] born
2019-12-14 22:19:06,541 in MainThread => [PVWL] born
2019-12-14 22:19:06,543 in MainThread => [PVM] born
2019-12-14 22:19:06,544 in MainThread => [RMFL] born
2019-12-14 22:19:06,544 in MainThread => [RMFR] born
2019-12-14 22:19:06,545 in MainThread => [SIAVR] born
2019-12-14 22:19:06,546 in MainThread => [DD06] born
2019-12-14 22:19:06,546 in MainThread => [VC01] born
2019-12-14 22:19:06,547 in MainThread => [VD12] born
2019-12-14 22:19:06,551 in MainThread => [IL2VL] born
2019-12-14 22:19:06,552 in MainThread => [URADL] born
2019-12-14 22:19:06,552 in MainThread => [URADR] born
2019-12-14 22:19:06,553 in MainThread => [OLQDL] born
2019-12-14 22:19:06,553 in MainThread => [IL1DL] born
2019-12-14 22:19:06,554 in MainThread => [IL1DR] born
2019-12-14 22:19:06,554 in MainThread => [IL2DR] born
2019-12-14 22:19:06,555 in MainThread => [IL1VL] born
2019-12-14 22:19:06,555 in MainThread => [SIAVL] born
2019-12-14 22:19:06,556 in MainThread => [URAVL] born
2019-12-14 22:19:06,556 in MainThread => [OLQVR] born
2019-12-14 22:19:06,556 in MainThread => [IL1VR] born
2019-12-14 22:19:06,557 in MainThread => [IL2VR] born
2019-12-14 22:19:06,557 in MainThread => [URAVR] born
2019-12-14 22:19:06,560 in MainThread => [DD03] born
2019-12-14 22:19:06,561 in MainThread => [VC02] born
2019-12-14 22:19:06,563 in MainThread => [DD04] born
2019-12-14 22:19:06,563 in MainThread => [VD08] born
2019-12-14 22:19:06,564 in MainThread => [DD05] born
2019-12-14 22:19:06,564 in MainThread => [VD09] born
2019-12-14 22:19:06,570 in MainThread => [PLML] born
2019-12-14 22:19:06,572 in MainThread => [RMER] born
2019-12-14 22:19:06,573 in MainThread => [RMEL] born
2019-12-14 22:19:06,573 in MainThread => [RMED] born
2019-12-14 22:19:06,577 in MainThread => [SIBVR] born
2019-12-14 22:19:06,578 in MainThread => [SIBDL] born
2019-12-14 22:19:06,581 in MainThread => [PLNL] born
2019-12-14 22:19:06,581 in MainThread => [PLNR] born
2019-12-14 22:19:06,586 in MainThread => [VD07] born
2019-12-14 22:19:06,631 in MainThread => [VC06] born
